{"level":"info","message":"app is running again","timestamp":"2023-06-23T21:25:25.290Z"}
{"level":"info","message":"connected to BD","timestamp":"2023-06-23T21:25:25.359Z"}
{"level":"error","message":"failed to Connect server is not a function","stack":"TypeError: server is not a function\n    at /Users/user/Documents/Techs/ts-product-api/src/start/db-connect.ts:10:9\n    at Generator.next (<anonymous>)\n    at fulfilled (/Users/user/Documents/Techs/ts-product-api/src/start/db-connect.ts:5:58)\n    at processTicksAndRejections (node:internal/process/task_queues:95:5)","timestamp":"2023-06-23T21:25:25.477Z"}
{"level":"info","message":"app is running again","timestamp":"2023-06-23T21:25:28.940Z"}
{"level":"info","message":"connected to BD","timestamp":"2023-06-23T21:25:28.960Z"}
{"level":"error","message":"failed to Connect server is not a function","stack":"TypeError: server is not a function\n    at /Users/user/Documents/Techs/ts-product-api/src/start/db-connect.ts:10:9\n    at Generator.next (<anonymous>)\n    at fulfilled (/Users/user/Documents/Techs/ts-product-api/src/start/db-connect.ts:5:58)\n    at processTicksAndRejections (node:internal/process/task_queues:95:5)","timestamp":"2023-06-23T21:25:28.966Z"}
{"level":"info","message":"app is running again","timestamp":"2023-06-23T21:28:26.998Z"}
{"level":"info","message":"connected to BD","timestamp":"2023-06-23T21:28:27.035Z"}
{"level":"error","message":"failed to Connect server is not a function","stack":"TypeError: server is not a function\n    at /Users/user/Documents/Techs/ts-product-api/src/start/db-connect.ts:10:9\n    at Generator.next (<anonymous>)\n    at fulfilled (/Users/user/Documents/Techs/ts-product-api/src/start/db-connect.ts:5:58)\n    at processTicksAndRejections (node:internal/process/task_queues:95:5)","timestamp":"2023-06-23T21:28:27.051Z"}
{"level":"info","message":"app is running again","timestamp":"2023-06-23T21:29:20.862Z"}
{"level":"info","message":"connected to BD","timestamp":"2023-06-23T21:29:20.874Z"}
{"level":"info","message":"app is running again","timestamp":"2023-06-23T21:29:37.874Z"}
{"level":"info","message":"connected to BD","timestamp":"2023-06-23T21:29:37.900Z"}
{"level":"info","message":"app is running again","timestamp":"2023-06-23T21:35:09.271Z"}
{"level":"info","message":"connected to BD","timestamp":"2023-06-23T21:35:09.299Z"}
{"level":"info","message":"app is running again","timestamp":"2023-06-23T21:35:48.372Z"}
{"level":"info","message":"connected to BD","timestamp":"2023-06-23T21:35:48.388Z"}
{"level":"info","message":"app is running again","timestamp":"2023-06-23T21:38:03.990Z"}
{"level":"info","message":"connected to BD","timestamp":"2023-06-23T21:38:04.004Z"}
{"level":"info","message":"app is running again","timestamp":"2023-06-23T22:13:00.675Z"}
{"level":"info","message":"connected to BD","timestamp":"2023-06-23T22:13:00.702Z"}
{"level":"info","message":"app is running again","timestamp":"2023-06-23T22:14:21.706Z"}
{"level":"info","message":"connected to BD","timestamp":"2023-06-23T22:14:21.721Z"}
{"level":"info","message":"app is running again","timestamp":"2023-06-23T22:14:55.561Z"}
{"level":"info","message":"connected to BD","timestamp":"2023-06-23T22:14:55.588Z"}
{"level":"info","message":"app is running again","timestamp":"2023-06-23T22:15:10.830Z"}
{"level":"info","message":"connected to BD","timestamp":"2023-06-23T22:15:10.845Z"}
{"level":"info","message":"app is running again","timestamp":"2023-06-23T22:16:55.765Z"}
{"level":"info","message":"connected to BD","timestamp":"2023-06-23T22:16:55.777Z"}
{"level":"info","message":"app is running again","timestamp":"2023-06-23T22:19:52.393Z"}
{"level":"info","message":"connected to BD","timestamp":"2023-06-23T22:19:52.405Z"}
{"level":"info","message":"app is running again","timestamp":"2023-06-23T22:20:33.878Z"}
{"level":"info","message":"connected to BD","timestamp":"2023-06-23T22:20:33.890Z"}
{"level":"info","message":"app is running again","timestamp":"2023-06-23T22:20:45.402Z"}
{"level":"info","message":"connected to BD","timestamp":"2023-06-23T22:20:45.415Z"}
{"level":"info","message":"app is running again","timestamp":"2023-06-23T22:25:27.441Z"}
{"level":"info","message":"connected to BD","timestamp":"2023-06-23T22:25:27.465Z"}
{"level":"info","message":"app is running again","timestamp":"2023-06-23T22:27:59.661Z"}
{"level":"info","message":"connected to BD","timestamp":"2023-06-23T22:27:59.679Z"}
{"level":"info","message":"app is running again","timestamp":"2023-06-23T22:29:24.071Z"}
{"level":"info","message":"connected to BD","timestamp":"2023-06-23T22:29:24.083Z"}
{"level":"info","message":"app is running again","timestamp":"2023-06-23T22:33:11.373Z"}
{"level":"info","message":"connected to BD","timestamp":"2023-06-23T22:33:11.386Z"}
{"level":"info","message":"app is running again","timestamp":"2023-06-23T22:47:09.510Z"}
{"level":"info","message":"connected to BD","timestamp":"2023-06-23T22:47:09.521Z"}
{"level":"info","message":"app is running again","timestamp":"2023-06-23T22:47:34.433Z"}
{"level":"info","message":"connected to BD","timestamp":"2023-06-23T22:47:34.451Z"}
{"level":"info","message":"app is running again","timestamp":"2023-06-23T22:47:41.244Z"}
{"level":"info","message":"connected to BD","timestamp":"2023-06-23T22:47:41.259Z"}
{"level":"info","message":"app is running again","timestamp":"2023-06-23T22:50:03.677Z"}
{"level":"info","message":"connected to BD","timestamp":"2023-06-23T22:50:03.689Z"}
{"level":"info","message":"app is running again","timestamp":"2023-06-26T12:27:54.139Z"}
{"level":"info","message":"connected to BD","timestamp":"2023-06-26T12:27:54.303Z"}
{"level":"info","message":"app is running again","timestamp":"2023-06-28T12:13:23.293Z"}
{"level":"info","message":"connected to BD","timestamp":"2023-06-28T12:13:23.527Z"}
{"level":"info","message":"app is running again","timestamp":"2023-06-28T12:16:59.774Z"}
{"level":"info","message":"connected to BD","timestamp":"2023-06-28T12:16:59.794Z"}
{"level":"info","message":"messages","timestamp":"2023-06-28T12:17:07.917Z"}
{"level":"info","message":"app is running again","timestamp":"2023-06-28T12:18:10.017Z"}
{"level":"info","message":"connected to BD","timestamp":"2023-06-28T12:18:10.039Z"}
{"level":"info","message":"app is running again","timestamp":"2023-06-28T12:24:10.311Z"}
{"level":"info","message":"connected to BD","timestamp":"2023-06-28T12:24:10.324Z"}
{"level":"info","message":"messages","timestamp":"2023-06-28T12:24:18.057Z"}
{"level":"info","message":"app is running again","timestamp":"2023-06-28T12:24:51.256Z"}
{"level":"info","message":"connected to BD","timestamp":"2023-06-28T12:24:51.268Z"}
{"level":"info","message":"messages","timestamp":"2023-06-28T12:24:59.988Z"}
{"level":"info","message":"app is running again","timestamp":"2023-06-28T12:25:30.327Z"}
{"level":"info","message":"connected to BD","timestamp":"2023-06-28T12:25:30.342Z"}
{"level":"info","message":"messages","timestamp":"2023-06-28T12:25:44.396Z","value":{"email":"enaholoa@gmail.com","name":"Enaholo Akhere","password":"123456"}}
{"error":{"_original":{"email":"enaholoa@gmail.com","name":"Enaholo Akhere","password":"1"},"details":[{"context":{"key":"password","label":"password","limit":5,"value":"1"},"message":"\"password\" length must be at least 5 characters long","path":["password"],"type":"string.min"}]},"level":"info","message":"messages","timestamp":"2023-06-28T12:26:43.226Z","value":{"email":"enaholoa@gmail.com","name":"Enaholo Akhere","password":"1"}}
{"level":"info","message":"app is running again","timestamp":"2023-06-28T12:28:52.717Z"}
{"level":"info","message":"connected to BD","timestamp":"2023-06-28T12:28:52.737Z"}
{"error":"\"password\" length must be at least 5 characters long","level":"info","message":"messages","timestamp":"2023-06-28T12:29:00.436Z","value":{"email":"enaholoa@gmail.com","name":"Enaholo Akhere","password":"1"}}
{"level":"info","message":"app is running again","timestamp":"2023-06-28T12:35:09.683Z"}
{"level":"info","message":"connected to BD","timestamp":"2023-06-28T12:35:09.696Z"}
{"level":"info","message":"app is running again","timestamp":"2023-06-28T12:35:22.634Z"}
{"level":"info","message":"connected to BD","timestamp":"2023-06-28T12:35:22.715Z"}
{"level":"info","message":"app is running again","timestamp":"2023-06-28T12:36:35.938Z"}
{"level":"info","message":"connected to BD","timestamp":"2023-06-28T12:36:35.950Z"}
{"level":"info","message":"app is running again","timestamp":"2023-06-28T12:38:10.320Z"}
{"level":"info","message":"connected to BD","timestamp":"2023-06-28T12:38:10.331Z"}
{"level":"info","message":"app is running again","timestamp":"2023-06-28T12:39:59.896Z"}
{"level":"info","message":"connected to BD","timestamp":"2023-06-28T12:39:59.907Z"}
{"level":"info","message":"app is running again","timestamp":"2023-06-28T12:41:38.262Z"}
{"level":"info","message":"connected to BD","timestamp":"2023-06-28T12:41:38.328Z"}
{"level":"info","message":"app is running again","timestamp":"2023-06-28T12:42:58.125Z"}
{"level":"info","message":"connected to BD","timestamp":"2023-06-28T12:42:58.136Z"}
{"level":"info","message":"app is running again","timestamp":"2023-06-28T13:25:37.239Z"}
{"level":"info","message":"connected to BD","timestamp":"2023-06-28T13:25:37.250Z"}
{"level":"info","message":"app is running again","timestamp":"2023-06-28T13:26:12.908Z"}
{"level":"info","message":"connected to BD","timestamp":"2023-06-28T13:26:12.992Z"}
{"level":"info","message":"app is running again","timestamp":"2023-06-28T13:29:08.747Z"}
{"level":"info","message":"connected to BD","timestamp":"2023-06-28T13:29:08.768Z"}
{"level":"info","message":"app is running again","timestamp":"2023-06-28T13:30:03.982Z"}
{"level":"info","message":"connected to BD","timestamp":"2023-06-28T13:30:03.997Z"}
{"level":"info","message":"app is running again","timestamp":"2023-06-28T13:30:56.997Z"}
{"level":"info","message":"connected to BD","timestamp":"2023-06-28T13:30:57.026Z"}
{"level":"info","message":"app is running again","timestamp":"2023-06-28T13:31:06.080Z"}
{"level":"info","message":"connected to BD","timestamp":"2023-06-28T13:31:06.102Z"}
{"level":"info","message":"app is running again","timestamp":"2023-06-28T13:31:20.823Z"}
{"level":"info","message":"connected to BD","timestamp":"2023-06-28T13:31:20.834Z"}
{"level":"info","message":"app is running again","timestamp":"2023-06-28T13:31:54.194Z"}
{"level":"info","message":"connected to BD","timestamp":"2023-06-28T13:31:54.237Z"}
{"level":"info","message":"app is running again","timestamp":"2023-06-28T13:32:53.858Z"}
{"level":"info","message":"connected to BD","timestamp":"2023-06-28T13:32:53.875Z"}
{"level":"info","message":"app is running again","timestamp":"2023-06-28T13:33:02.464Z"}
{"level":"info","message":"connected to BD","timestamp":"2023-06-28T13:33:02.483Z"}
{"level":"info","message":"app is running again","timestamp":"2023-06-28T13:33:12.671Z"}
{"level":"info","message":"connected to BD","timestamp":"2023-06-28T13:33:12.685Z"}
{"level":"info","message":"app is running again","timestamp":"2023-06-28T13:33:42.665Z"}
{"level":"info","message":"connected to BD","timestamp":"2023-06-28T13:33:42.682Z"}
{"level":"info","message":"app is running again","timestamp":"2023-06-28T13:33:56.730Z"}
{"level":"info","message":"connected to BD","timestamp":"2023-06-28T13:33:56.742Z"}
{"level":"info","message":"app is running again","timestamp":"2023-06-28T13:36:00.389Z"}
{"level":"info","message":"connected to BD","timestamp":"2023-06-28T13:36:00.557Z"}
{"level":"info","message":"app is running again","timestamp":"2023-06-28T13:36:48.762Z"}
{"level":"info","message":"connected to BD","timestamp":"2023-06-28T13:36:48.784Z"}
{"level":"info","message":"app is running again","timestamp":"2023-06-28T13:36:51.400Z"}
{"level":"info","message":"connected to BD","timestamp":"2023-06-28T13:36:51.413Z"}
{"level":"info","message":"app is running again","timestamp":"2023-06-28T13:37:06.232Z"}
{"level":"info","message":"connected to BD","timestamp":"2023-06-28T13:37:06.247Z"}
{"level":"info","message":"app is running again","timestamp":"2023-06-28T13:38:14.334Z"}
{"level":"info","message":"connected to BD","timestamp":"2023-06-28T13:38:14.347Z"}
{"level":"info","message":"app is running again","timestamp":"2023-06-28T13:38:39.705Z"}
{"level":"info","message":"connected to BD","timestamp":"2023-06-28T13:38:39.723Z"}
{"level":"info","message":"app is running again","timestamp":"2023-06-28T13:39:12.628Z"}
{"level":"info","message":"connected to BD","timestamp":"2023-06-28T13:39:12.652Z"}
{"level":"info","message":"app is running again","timestamp":"2023-06-28T13:39:39.399Z"}
{"level":"info","message":"connected to BD","timestamp":"2023-06-28T13:39:39.415Z"}
{"level":"info","message":"app is running again","timestamp":"2023-06-28T13:40:16.488Z"}
{"level":"info","message":"connected to BD","timestamp":"2023-06-28T13:40:16.503Z"}
{"level":"info","message":"app is running again","timestamp":"2023-06-28T13:40:25.132Z"}
{"level":"info","message":"connected to BD","timestamp":"2023-06-28T13:40:25.153Z"}
{"level":"info","message":"app is running again","timestamp":"2023-06-28T13:40:51.163Z"}
{"level":"info","message":"connected to BD","timestamp":"2023-06-28T13:40:51.196Z"}
{"level":"info","message":"app is running again","timestamp":"2023-06-28T13:41:02.367Z"}
{"level":"info","message":"connected to BD","timestamp":"2023-06-28T13:41:02.389Z"}
{"level":"info","message":"app is running again","timestamp":"2023-06-28T13:41:25.039Z"}
{"level":"info","message":"connected to BD","timestamp":"2023-06-28T13:41:25.072Z"}
{"level":"info","message":"app is running again","timestamp":"2023-06-28T13:41:53.702Z"}
{"level":"info","message":"connected to BD","timestamp":"2023-06-28T13:41:53.721Z"}
{"level":"info","message":"app is running again","timestamp":"2023-06-28T13:42:16.479Z"}
{"level":"info","message":"connected to BD","timestamp":"2023-06-28T13:42:16.499Z"}
{"level":"info","message":"app is running again","timestamp":"2023-06-28T13:43:34.829Z"}
{"level":"info","message":"connected to BD","timestamp":"2023-06-28T13:43:34.846Z"}
{"level":"info","message":"app is running again","timestamp":"2023-06-28T13:44:26.803Z"}
{"level":"info","message":"connected to BD","timestamp":"2023-06-28T13:44:26.826Z"}
{"level":"info","message":"app is running again","timestamp":"2023-06-28T13:46:51.896Z"}
{"level":"info","message":"connected to BD","timestamp":"2023-06-28T13:46:51.908Z"}
{"level":"info","message":"app is running again","timestamp":"2023-06-28T13:47:08.819Z"}
{"level":"info","message":"connected to BD","timestamp":"2023-06-28T13:47:08.854Z"}
{"level":"info","message":"app is running again","timestamp":"2023-06-28T13:53:37.024Z"}
{"level":"info","message":"connected to BD","timestamp":"2023-06-28T13:53:37.037Z"}
{"level":"info","message":"app is running again","timestamp":"2023-06-28T13:54:03.459Z"}
{"level":"info","message":"connected to BD","timestamp":"2023-06-28T13:54:03.475Z"}
{"level":"info","message":"app is running again","timestamp":"2023-06-28T13:54:44.084Z"}
{"level":"info","message":"connected to BD","timestamp":"2023-06-28T13:54:44.109Z"}
{"level":"info","message":"app is running again","timestamp":"2023-06-28T13:56:21.113Z"}
{"level":"info","message":"connected to BD","timestamp":"2023-06-28T13:56:21.127Z"}
{"level":"info","message":"app is running again","timestamp":"2023-06-28T13:56:49.226Z"}
{"level":"info","message":"connected to BD","timestamp":"2023-06-28T13:56:49.251Z"}
{"level":"info","message":"app is running again","timestamp":"2023-06-28T13:57:27.872Z"}
{"level":"info","message":"connected to BD","timestamp":"2023-06-28T13:57:27.885Z"}
{"level":"info","message":"app is running again","timestamp":"2023-06-28T13:59:09.221Z"}
{"level":"info","message":"connected to BD","timestamp":"2023-06-28T13:59:09.233Z"}
{"level":"info","message":"app is running again","timestamp":"2023-06-28T14:02:48.350Z"}
{"level":"info","message":"connected to BD","timestamp":"2023-06-28T14:02:48.364Z"}
{"level":"info","message":"app is running again","timestamp":"2023-06-28T14:03:52.290Z"}
{"level":"info","message":"connected to BD","timestamp":"2023-06-28T14:03:52.468Z"}
{"level":"info","message":"app is running again","timestamp":"2023-06-28T14:05:09.443Z"}
{"level":"info","message":"connected to BD","timestamp":"2023-06-28T14:05:09.463Z"}
{"level":"info","message":"app is running again","timestamp":"2023-06-28T14:05:16.276Z"}
{"level":"info","message":"connected to BD","timestamp":"2023-06-28T14:05:16.292Z"}
{"level":"info","message":"app is running again","timestamp":"2023-06-28T14:05:40.537Z"}
{"level":"info","message":"connected to BD","timestamp":"2023-06-28T14:05:40.554Z"}
{"level":"info","message":"app is running again","timestamp":"2023-06-28T14:06:25.912Z"}
{"level":"info","message":"connected to BD","timestamp":"2023-06-28T14:06:25.926Z"}
{"level":"info","message":"app is running again","timestamp":"2023-06-28T14:06:40.250Z"}
{"level":"info","message":"connected to BD","timestamp":"2023-06-28T14:06:40.267Z"}
{"level":"info","message":"app is running again","timestamp":"2023-06-28T14:07:47.522Z"}
{"level":"info","message":"connected to BD","timestamp":"2023-06-28T14:07:47.536Z"}
{"level":"info","message":"app is running again","timestamp":"2023-06-28T14:09:02.331Z"}
{"level":"info","message":"connected to BD","timestamp":"2023-06-28T14:09:02.343Z"}
{"level":"info","message":"app is running again","timestamp":"2023-06-28T14:09:58.603Z"}
{"level":"info","message":"connected to BD","timestamp":"2023-06-28T14:09:58.620Z"}
{"level":"info","message":"app is running again","timestamp":"2023-06-28T14:10:29.717Z"}
{"level":"info","message":"connected to BD","timestamp":"2023-06-28T14:10:29.755Z"}
{"level":"info","message":"app is running again","timestamp":"2023-06-28T14:11:00.229Z"}
{"level":"info","message":"connected to BD","timestamp":"2023-06-28T14:11:00.448Z"}
{"level":"info","message":"app is running again","timestamp":"2023-06-28T14:16:27.463Z"}
{"level":"info","message":"connected to BD","timestamp":"2023-06-28T14:16:27.476Z"}
{"level":"info","message":"app is running again","timestamp":"2023-06-28T14:21:21.634Z"}
{"level":"info","message":"connected to BD","timestamp":"2023-06-28T14:21:21.650Z"}
{"level":"info","message":"app is running again","timestamp":"2023-06-28T14:23:27.373Z"}
{"level":"info","message":"connected to BD","timestamp":"2023-06-28T14:23:27.385Z"}
{"level":"info","message":"app is running again","timestamp":"2023-06-28T14:25:42.552Z"}
{"level":"info","message":"connected to BD","timestamp":"2023-06-28T14:25:42.581Z"}
{"level":"info","message":"app is running again","timestamp":"2023-06-28T14:29:56.723Z"}
{"level":"info","message":"connected to BD","timestamp":"2023-06-28T14:29:56.733Z"}
{"level":"info","message":"app is running again","timestamp":"2023-06-28T14:55:11.341Z"}
{"level":"info","message":"connected to BD","timestamp":"2023-06-28T14:55:11.361Z"}
{"level":"info","message":"app is running again","timestamp":"2023-06-28T15:29:59.248Z"}
{"level":"info","message":"connected to BD","timestamp":"2023-06-28T15:29:59.268Z"}
{"level":"info","message":"app is running again","timestamp":"2023-06-28T15:39:00.586Z"}
{"level":"info","message":"connected to BD","timestamp":"2023-06-28T15:39:00.600Z"}
{"level":"info","message":"app is running again","timestamp":"2023-06-28T15:40:04.945Z"}
{"level":"info","message":"connected to BD","timestamp":"2023-06-28T15:40:04.960Z"}
{"level":"info","message":"app is running again","timestamp":"2023-06-28T15:41:51.119Z"}
{"level":"info","message":"connected to BD","timestamp":"2023-06-28T15:41:51.132Z"}
{"level":"info","message":"app is running again","timestamp":"2023-06-28T15:42:20.247Z"}
{"level":"info","message":"connected to BD","timestamp":"2023-06-28T15:42:20.260Z"}
{"level":"info","message":"app is running again","timestamp":"2023-06-28T16:24:21.434Z"}
{"level":"info","message":"connected to BD","timestamp":"2023-06-28T16:24:21.464Z"}
{"level":"info","message":"app is running again","timestamp":"2023-06-28T16:25:01.151Z"}
{"level":"info","message":"connected to BD","timestamp":"2023-06-28T16:25:01.164Z"}
{"level":"info","message":"app is running again","timestamp":"2023-06-30T14:39:18.555Z"}
{"level":"info","message":"connected to BD","timestamp":"2023-06-30T14:39:18.585Z"}
{"level":"info","message":"app is running again","timestamp":"2023-06-30T14:39:37.670Z"}
{"level":"info","message":"connected to BD","timestamp":"2023-06-30T14:39:37.708Z"}
{"level":"info","message":"app is running again","timestamp":"2023-06-30T14:41:49.276Z"}
{"level":"info","message":"connected to BD","timestamp":"2023-06-30T14:41:49.291Z"}
{"level":"info","message":"app is running again","timestamp":"2023-07-03T15:29:07.864Z"}
{"level":"info","message":"connected to BD","timestamp":"2023-07-03T15:29:08.030Z"}
{"level":"info","message":"app is running again","timestamp":"2023-07-03T15:46:56.087Z"}
{"level":"info","message":"connected to BD","timestamp":"2023-07-03T15:46:56.100Z"}
{"level":"info","message":"app is running again","timestamp":"2023-07-03T15:48:41.482Z"}
{"level":"info","message":"connected to BD","timestamp":"2023-07-03T15:48:41.505Z"}
{"level":"info","message":"app is running again","timestamp":"2023-07-03T15:48:54.069Z"}
{"level":"info","message":"connected to BD","timestamp":"2023-07-03T15:48:54.097Z"}
{"level":"info","message":"app is running again","timestamp":"2023-07-03T15:51:32.253Z"}
{"level":"info","message":"connected to BD","timestamp":"2023-07-03T15:51:32.297Z"}
{"level":"info","message":"app is running again","timestamp":"2023-07-03T15:56:56.131Z"}
{"level":"info","message":"connected to BD","timestamp":"2023-07-03T15:56:56.178Z"}
{"level":"info","message":"app is running again","timestamp":"2023-07-03T15:57:19.634Z"}
{"level":"info","message":"connected to BD","timestamp":"2023-07-03T15:57:19.649Z"}
{"level":"error","message":"MongoServerError: E11000 duplicate key error collection: rest-api-tutorial.users index: email_1 dup key: { email: \"enaholoa@gmail.com\" }","timestamp":"2023-07-03T15:57:38.261Z"}
{"level":"info","message":"app is running again","timestamp":"2023-07-03T16:01:05.685Z"}
{"level":"info","message":"connected to BD","timestamp":"2023-07-03T16:01:05.711Z"}
{"level":"error","message":"MongoServerError: E11000 duplicate key error collection: rest-api-tutorial.users index: email_1 dup key: { email: \"enaholoa@gmail.com\" }","timestamp":"2023-07-03T16:01:21.470Z"}
{"level":"info","message":"app is running again","timestamp":"2023-07-03T16:04:01.760Z"}
{"level":"info","message":"connected to BD","timestamp":"2023-07-03T16:04:01.804Z"}
{"level":"error","message":"MongoServerError: E11000 duplicate key error collection: rest-api-tutorial.users index: email_1 dup key: { email: \"enaholoa@gmail.com\" }","timestamp":"2023-07-03T16:04:06.132Z"}
{"level":"error","message":"MongoServerError: E11000 duplicate key error collection: rest-api-tutorial.users index: email_1 dup key: { email: \"enaholoa123@gmail.com\" }","timestamp":"2023-07-03T16:05:46.018Z"}
{"level":"info","message":"app is running again","timestamp":"2023-07-03T16:11:02.254Z"}
{"level":"info","message":"connected to BD","timestamp":"2023-07-03T16:11:02.276Z"}
{"level":"info","message":"app is running again","timestamp":"2023-07-03T16:11:49.351Z"}
{"level":"info","message":"connected to BD","timestamp":"2023-07-03T16:11:49.383Z"}
{"level":"info","message":"app is running again","timestamp":"2023-07-03T16:12:29.767Z"}
{"level":"info","message":"connected to BD","timestamp":"2023-07-03T16:12:29.784Z"}
{"level":"info","message":"app is running again","timestamp":"2023-07-03T16:13:06.524Z"}
{"level":"info","message":"connected to BD","timestamp":"2023-07-03T16:13:06.562Z"}
{"level":"info","message":"app is running again","timestamp":"2023-07-03T16:13:40.694Z"}
{"level":"info","message":"connected to BD","timestamp":"2023-07-03T16:13:40.713Z"}
{"level":"info","message":"app is running again","timestamp":"2023-07-03T17:39:40.467Z"}
{"level":"info","message":"connected to BD","timestamp":"2023-07-03T17:39:40.482Z"}
{"level":"info","message":"app is running again","timestamp":"2023-07-04T11:59:43.905Z"}
{"level":"info","message":"connected to BD","timestamp":"2023-07-04T11:59:43.925Z"}
{"level":"info","message":"app is running again","timestamp":"2023-07-04T11:59:52.057Z"}
{"level":"info","message":"connected to BD","timestamp":"2023-07-04T11:59:52.087Z"}
{"level":"info","message":"app is running again","timestamp":"2023-07-04T12:07:48.295Z"}
{"level":"info","message":"connected to BD","timestamp":"2023-07-04T12:07:48.335Z"}
{"level":"info","message":"app is running again","timestamp":"2023-07-04T12:24:25.457Z"}
{"level":"info","message":"connected to BD","timestamp":"2023-07-04T12:24:25.476Z"}
{"level":"info","message":"app is running again","timestamp":"2023-07-04T12:28:08.484Z"}
{"level":"info","message":"connected to BD","timestamp":"2023-07-04T12:28:08.501Z"}
{"level":"info","message":"app is running again","timestamp":"2023-07-04T15:50:17.054Z"}
{"level":"info","message":"connected to BD","timestamp":"2023-07-04T15:50:17.071Z"}
{"level":"info","message":"app is running again","timestamp":"2023-07-04T15:51:29.215Z"}
{"level":"info","message":"connected to BD","timestamp":"2023-07-04T15:51:29.228Z"}
{"level":"info","message":"app is running again","timestamp":"2023-07-04T15:52:10.077Z"}
{"level":"info","message":"connected to BD","timestamp":"2023-07-04T15:52:10.100Z"}
{"level":"info","message":"app is running again","timestamp":"2023-07-04T15:53:37.507Z"}
{"level":"info","message":"connected to BD","timestamp":"2023-07-04T15:53:37.538Z"}
{"level":"info","message":"app is running again","timestamp":"2023-07-04T15:53:55.763Z"}
{"level":"info","message":"connected to BD","timestamp":"2023-07-04T15:53:55.802Z"}
{"level":"info","message":"app is running again","timestamp":"2023-07-05T13:39:40.465Z"}
{"level":"info","message":"connected to BD","timestamp":"2023-07-05T13:39:40.502Z"}
{"level":"info","message":"app is running again","timestamp":"2023-07-05T13:40:54.274Z"}
{"level":"info","message":"connected to BD","timestamp":"2023-07-05T13:40:54.292Z"}
{"level":"info","message":"app is running again","timestamp":"2023-07-05T13:42:33.995Z"}
{"level":"info","message":"connected to BD","timestamp":"2023-07-05T13:42:34.014Z"}
{"level":"info","message":"app is running again","timestamp":"2023-07-05T13:42:56.511Z"}
{"level":"info","message":"connected to BD","timestamp":"2023-07-05T13:42:56.574Z"}
{"level":"info","message":"app is running again","timestamp":"2023-07-05T13:43:19.966Z"}
{"level":"info","message":"connected to BD","timestamp":"2023-07-05T13:43:19.985Z"}
{"level":"info","message":"app is running again","timestamp":"2023-07-05T13:43:35.769Z"}
{"level":"info","message":"connected to BD","timestamp":"2023-07-05T13:43:35.793Z"}
{"level":"info","message":"app is running again","timestamp":"2023-07-05T13:44:34.392Z"}
{"level":"info","message":"connected to BD","timestamp":"2023-07-05T13:44:34.407Z"}
{"level":"info","message":"app is running again","timestamp":"2023-07-05T13:44:55.609Z"}
{"level":"info","message":"connected to BD","timestamp":"2023-07-05T13:44:55.648Z"}
{"level":"info","message":"app is running again","timestamp":"2023-07-05T13:47:27.919Z"}
{"level":"info","message":"connected to BD","timestamp":"2023-07-05T13:47:27.947Z"}
{"level":"error","message":"Error: data and hash arguments required","timestamp":"2023-07-05T13:48:08.044Z"}
{"level":"error","message":"Error: data and hash arguments required","timestamp":"2023-07-05T13:48:26.730Z"}
{"level":"info","message":"app is running again","timestamp":"2023-07-05T13:48:40.741Z"}
{"level":"info","message":"connected to BD","timestamp":"2023-07-05T13:48:40.754Z"}
{"level":"info","message":"app is running again","timestamp":"2023-07-05T13:49:01.613Z"}
{"level":"info","message":"connected to BD","timestamp":"2023-07-05T13:49:01.646Z"}
{"level":"error","message":"Error: data and hash arguments required","timestamp":"2023-07-05T13:49:06.521Z"}
{"level":"info","message":"app is running again","timestamp":"2023-07-05T13:51:32.960Z"}
{"level":"info","message":"connected to BD","timestamp":"2023-07-05T13:51:32.985Z"}
{"level":"info","message":"app is running again","timestamp":"2023-07-05T13:54:57.335Z"}
{"level":"info","message":"connected to BD","timestamp":"2023-07-05T13:54:57.352Z"}
{"level":"info","message":"app is running again","timestamp":"2023-07-05T13:58:21.989Z"}
{"level":"info","message":"connected to BD","timestamp":"2023-07-05T13:58:22.021Z"}
{"level":"info","message":"app is running again","timestamp":"2023-07-05T13:58:27.339Z"}
{"level":"info","message":"connected to BD","timestamp":"2023-07-05T13:58:27.359Z"}
{"level":"info","message":"app is running again","timestamp":"2023-07-05T14:14:15.394Z"}
{"level":"info","message":"connected to BD","timestamp":"2023-07-05T14:14:15.413Z"}
{"level":"error","message":"Error: data and hash arguments required","timestamp":"2023-07-05T14:15:31.078Z"}
{"level":"info","message":"app is running again","timestamp":"2023-07-05T14:19:12.728Z"}
{"level":"info","message":"connected to BD","timestamp":"2023-07-05T14:19:12.755Z"}
{"level":"info","message":"app is running again","timestamp":"2023-07-05T14:20:01.623Z"}
{"level":"info","message":"connected to BD","timestamp":"2023-07-05T14:20:01.643Z"}
{"level":"info","message":"app is running again","timestamp":"2023-07-05T14:22:06.768Z"}
{"level":"info","message":"connected to BD","timestamp":"2023-07-05T14:22:06.787Z"}
{"level":"info","message":"app is running again","timestamp":"2023-07-05T14:23:37.520Z"}
{"level":"info","message":"connected to BD","timestamp":"2023-07-05T14:23:37.534Z"}
{"level":"info","message":"app is running again","timestamp":"2023-07-05T14:25:01.887Z"}
{"level":"info","message":"connected to BD","timestamp":"2023-07-05T14:25:01.911Z"}
{"level":"info","message":"app is running again","timestamp":"2023-07-05T14:25:34.736Z"}
{"level":"info","message":"connected to BD","timestamp":"2023-07-05T14:25:34.752Z"}
{"level":"info","message":"app is running again","timestamp":"2023-07-05T14:28:25.471Z"}
{"level":"info","message":"connected to BD","timestamp":"2023-07-05T14:28:25.537Z"}
{"level":"info","message":"app is running again","timestamp":"2023-07-05T14:29:33.899Z"}
{"level":"info","message":"connected to BD","timestamp":"2023-07-05T14:29:33.947Z"}
{"level":"info","message":"app is running again","timestamp":"2023-07-05T14:36:12.684Z"}
{"level":"info","message":"connected to BD","timestamp":"2023-07-05T14:36:12.881Z"}
{"level":"info","message":"app is running again","timestamp":"2023-07-05T15:55:33.121Z"}
{"level":"info","message":"connected to BD","timestamp":"2023-07-05T15:55:33.187Z"}
{"level":"info","message":"app is running again","timestamp":"2023-07-05T16:04:40.541Z"}
{"level":"info","message":"connected to BD","timestamp":"2023-07-05T16:04:40.558Z"}
{"level":"info","message":"app is running again","timestamp":"2023-07-05T16:09:42.365Z"}
{"level":"info","message":"connected to BD","timestamp":"2023-07-05T16:09:42.404Z"}
{"level":"info","message":"app is running again","timestamp":"2023-07-05T16:33:53.894Z"}
{"level":"info","message":"connected to BD","timestamp":"2023-07-05T16:33:53.966Z"}
{"level":"info","message":"app is running again","timestamp":"2023-07-05T17:05:23.158Z"}
{"level":"info","message":"connected to BD","timestamp":"2023-07-05T17:05:23.183Z"}
{"level":"info","message":"app is running again","timestamp":"2023-07-05T17:06:57.276Z"}
{"level":"info","message":"connected to BD","timestamp":"2023-07-05T17:06:57.303Z"}
{"level":"info","message":"app is running again","timestamp":"2023-07-05T17:09:44.475Z"}
{"level":"info","message":"connected to BD","timestamp":"2023-07-05T17:09:44.514Z"}
{"level":"info","message":"app is running again","timestamp":"2023-07-05T17:14:00.051Z"}
{"level":"info","message":"connected to BD","timestamp":"2023-07-05T17:14:00.079Z"}
{"level":"info","message":"app is running again","timestamp":"2023-07-05T17:15:45.474Z"}
{"level":"info","message":"connected to BD","timestamp":"2023-07-05T17:15:45.495Z"}
{"level":"info","message":"app is running again","timestamp":"2023-07-05T17:16:57.345Z"}
{"level":"info","message":"connected to BD","timestamp":"2023-07-05T17:16:57.395Z"}
{"level":"info","message":"app is running again","timestamp":"2023-07-05T17:32:47.454Z"}
{"level":"info","message":"connected to BD","timestamp":"2023-07-05T17:32:47.472Z"}
{"level":"info","message":"app is running again","timestamp":"2023-07-05T17:36:17.964Z"}
{"level":"info","message":"connected to BD","timestamp":"2023-07-05T17:36:18.006Z"}
{"level":"info","message":"app is running again","timestamp":"2023-07-05T17:36:39.973Z"}
{"level":"info","message":"connected to BD","timestamp":"2023-07-05T17:36:40.003Z"}
{"level":"info","message":"app is running again","timestamp":"2023-07-05T17:37:53.380Z"}
{"level":"info","message":"connected to BD","timestamp":"2023-07-05T17:37:53.399Z"}
{"level":"info","message":"app is running again","timestamp":"2023-07-05T17:38:18.584Z"}
{"level":"info","message":"connected to BD","timestamp":"2023-07-05T17:38:18.604Z"}
{"level":"info","message":"app is running again","timestamp":"2023-07-05T17:47:50.762Z"}
{"level":"info","message":"connected to BD","timestamp":"2023-07-05T17:47:50.781Z"}
{"level":"info","message":"app is running again","timestamp":"2023-07-05T17:49:16.452Z"}
{"level":"info","message":"connected to BD","timestamp":"2023-07-05T17:49:16.482Z"}
{"level":"info","message":"app is running again","timestamp":"2023-07-05T17:49:36.385Z"}
{"level":"info","message":"connected to BD","timestamp":"2023-07-05T17:49:36.426Z"}
{"level":"info","message":"app is running again","timestamp":"2023-07-05T17:50:29.481Z"}
{"level":"info","message":"connected to BD","timestamp":"2023-07-05T17:50:29.513Z"}
{"level":"info","message":"app is running again","timestamp":"2023-07-05T17:54:38.935Z"}
{"level":"info","message":"connected to BD","timestamp":"2023-07-05T17:54:38.950Z"}
{"level":"info","message":"app is running again","timestamp":"2023-07-05T17:55:16.724Z"}
{"level":"info","message":"connected to BD","timestamp":"2023-07-05T17:55:16.749Z"}
{"level":"info","message":"app is running again","timestamp":"2023-07-05T18:05:26.466Z"}
{"level":"info","message":"connected to BD","timestamp":"2023-07-05T18:05:26.504Z"}
{"level":"info","message":"app is running again","timestamp":"2023-07-05T18:16:22.819Z"}
{"level":"info","message":"connected to BD","timestamp":"2023-07-05T18:16:22.841Z"}
